<?xml version="1.0" encoding="UTF-8"?>
<!-- Generated by org.testng.reporters.JUnitReportReporter -->
<testsuite hostname="Roushan" failures="0" tests="4" name="api.test.UserTest2" time="8.429" errors="0" timestamp="2025-02-25T04:35:46 IST" skipped="0">
  <testcase classname="api.test.UserTest2" name="TestPostUser" time="3.563"/>
  <testcase classname="api.test.UserTest2" name="TestGetUserByName" time="1.247"/>
  <testcase classname="api.test.UserTest2" name="testUpdateUserByName" time="2.436"/>
  <testcase classname="api.test.UserTest2" name="testDeleteUserByName" time="1.183"/>
</testsuite> <!-- api.test.UserTest2 -->
