<?xml version="1.0" encoding="UTF-8"?>
<!-- Generated by org.testng.reporters.JUnitReportReporter -->
<testsuite hostname="Roushan" failures="0" tests="4" name="api.test.UserTest" time="9.175" errors="0" timestamp="2025-02-24T02:05:34 IST" skipped="0">
  <testcase classname="api.test.UserTest" name="TestPostUser" time="3.552"/>
  <testcase classname="api.test.UserTest" name="TestGetUserByName" time="1.447"/>
  <testcase classname="api.test.UserTest" name="testUpdateUserByName" time="2.785"/>
  <testcase classname="api.test.UserTest" name="testDeleteUserByName" time="1.391"/>
</testsuite> <!-- api.test.UserTest -->
