<?xml version="1.0" encoding="UTF-8"?>
<!-- Generated by org.testng.reporters.JUnitReportReporter -->
<testsuite hostname="Roushan" failures="0" tests="5" name="test1.test4" time="6.793" errors="0" timestamp="2024-12-22T16:32:14 IST" skipped="1">
  <testcase classname="test1.test4" name="loginAPIHomeLoan" time="0.005"/>
  <system-out/>
  <testcase classname="test1.test4" name="temp4" time="6.756"/>
  <system-out/>
  <testcase classname="test1.test4" name="webLoginHomeLoan" time="0.012"/>
  <system-out/>
  <testcase classname="test1.test4" name="timeoutTest" time="0.020"/>
  <system-out/>
  <testcase classname="test1.test4" name="mobileSignOutHomeLoan">
    <skipped/>
  </testcase> <!-- mobileSignOutHomeLoan -->
  <system-out/>
</testsuite> <!-- test1.test4 -->
