<?xml version="1.0" encoding="UTF-8"?>
<!-- Generated by org.testng.reporters.JUnitReportReporter -->
<testsuite hostname="Roushan" failures="0" tests="2" name="test1.test1" time="7.258" errors="0" timestamp="2024-12-22T16:32:14 IST" skipped="0">
  <testcase classname="test1.test1" name="demo" time="0.008"/>
  <system-out/>
  <testcase classname="test1.test1" name="temp4" time="7.250"/>
  <system-out/>
</testsuite> <!-- test1.test1 -->
