<?xml version="1.0" encoding="UTF-8"?>
<!-- Generated by org.testng.reporters.JUnitReportReporter -->
<testsuite hostname="Roushan" failures="0" tests="4" name="test1.test3" time="5.496" errors="1" timestamp="2024-12-22T16:32:14 IST" skipped="0">
  <testcase classname="test1.test3" name="webLoginCarLoan" time="0.003">
    <error message="Unresolved compilation problem: 
	urlName cannot be resolved to a variable
" type="java.lang.Error">
      <![CDATA[java.lang.Error: Unresolved compilation problem: 
urlName cannot be resolved to a variable

at test1.test3.webLoginCarLoan(test3.java:19)
at java.base/jdk.internal.reflect.DirectMethodHandleAccessor.invoke(DirectMethodHandleAccessor.java:104)
at java.base/java.lang.reflect.Method.invoke(Method.java:578)
at org.testng.internal.MethodInvocationHelper.invokeMethod(MethodInvocationHelper.java:133)
at org.testng.internal.TestInvoker.invokeMethod(TestInvoker.java:598)
at org.testng.internal.TestInvoker.invokeTestMethod(TestInvoker.java:173)
at org.testng.internal.MethodRunner.runInSequence(MethodRunner.java:46)
at org.testng.internal.TestInvoker$MethodInvocationAgent.invoke(TestInvoker.java:824)
at org.testng.internal.TestInvoker.invokeTestMethods(TestInvoker.java:146)
at org.testng.internal.TestMethodWorker.invokeTestMethods(TestMethodWorker.java:146)
at org.testng.internal.TestMethodWorker.run(TestMethodWorker.java:128)
at java.base/java.util.concurrent.ThreadPoolExecutor.runWorker(ThreadPoolExecutor.java:1144)
at java.base/java.util.concurrent.ThreadPoolExecutor$Worker.run(ThreadPoolExecutor.java:642)
at java.base/java.lang.Thread.run(Thread.java:1589)
]]>
    </error>
  </testcase> <!-- webLoginCarLoan -->
  <system-out/>
  <testcase classname="test1.test3" name="loginAPICarLoan" time="0.011"/>
  <system-out/>
  <testcase classname="test1.test3" name="mobileLoginCarLoan" time="0.004"/>
  <system-out/>
  <testcase classname="test1.test3" name="temp4" time="5.478"/>
  <system-out/>
</testsuite> <!-- test1.test3 -->
