<?xml version="1.0" encoding="UTF-8"?>
<!-- Generated by org.testng.reporters.JUnitReportReporter -->
<testsuite hostname="Roushan" failures="0" tests="2" name="test1.test2" time="5.471" errors="0" timestamp="2024-12-22T16:32:14 IST" skipped="0">
  <testcase classname="test1.test2" name="temp4" time="5.461"/>
  <system-out/>
  <testcase classname="test1.test2" name="demo1" time="0.010"/>
  <system-out/>
</testsuite> <!-- test1.test2 -->
