<?xml version="1.0" encoding="UTF-8"?>
<!-- Generated by org.testng.reporters.JUnitReportReporter -->
<testsuite hostname="Roushan" failures="0" tests="4" name="Selenium.test.submitOrderTest" time="27.588" errors="0" timestamp="2025-01-09T02:32:30 IST" skipped="0">
  <testcase classname="Selenium.test.submitOrderTest" name="varifyOrderDisplay" time="6.546"/>
  <testcase classname="Selenium.test.submitOrderTest" name="varifyOrderDisplay" time="4.568"/>
  <testcase classname="Selenium.test.submitOrderTest" name="SubmitOrder" time="7.153"/>
  <testcase classname="Selenium.test.submitOrderTest" name="SubmitOrder" time="9.321"/>
</testsuite> <!-- Selenium.test.submitOrderTest -->
