<?xml version="1.0" encoding="UTF-8"?>
<!-- Generated by org.testng.reporters.JUnitReportReporter -->
<testsuite hostname="Roushan" failures="0" tests="4" name="Selenium.TestCases.errorValidation" time="55.048" errors="0" timestamp="2025-05-18T00:20:37 IST" skipped="0">
  <testcase classname="Selenium.TestCases.errorValidation" name="productErrorValidation" time="15.034"/>
  <system-out/>
  <testcase classname="Selenium.TestCases.errorValidation" name="loginErrorValidation" time="13.022"/>
  <system-out/>
  <testcase classname="Selenium.TestCases.errorValidation" name="productErrorValidation" time="18.214"/>
  <system-out/>
  <testcase classname="Selenium.TestCases.errorValidation" name="loginErrorValidation" time="8.778"/>
  <system-out/>
</testsuite> <!-- Selenium.TestCases.errorValidation -->
