<?xml version="1.0" encoding="UTF-8"?>
<!-- Generated by org.testng.reporters.JUnitReportReporter -->
<testsuite hostname="Roushan" failures="0" tests="4" name="Selenium.test.submitOrderTest" time="43.665" errors="0" timestamp="2025-01-02T23:07:04 IST" skipped="0">
  <testcase classname="Selenium.test.submitOrderTest" name="varifyOrderDisplay" time="11.743"/>
  <testcase classname="Selenium.test.submitOrderTest" name="varifyOrderDisplay" time="8.896"/>
  <testcase classname="Selenium.test.submitOrderTest" name="SubmitOrder" time="11.071"/>
  <testcase classname="Selenium.test.submitOrderTest" name="SubmitOrder" time="11.955"/>
</testsuite> <!-- Selenium.test.submitOrderTest -->
