<?xml version="1.0" encoding="UTF-8"?>
<!-- Generated by org.testng.reporters.JUnitReportReporter -->
<testsuite hostname="Roushan" failures="0" tests="4" name="Selenium.TestCases.submitOrder" time="46.299" errors="0" timestamp="2025-05-17T10:25:30 IST" skipped="0">
  <testcase classname="Selenium.TestCases.submitOrder" name="submitOrder" time="14.782"/>
  <system-out/>
  <testcase classname="Selenium.TestCases.submitOrder" name="orderHistoryTest" time="6.982"/>
  <system-out/>
  <testcase classname="Selenium.TestCases.submitOrder" name="orderHistoryTest" time="6.456"/>
  <system-out/>
  <testcase classname="Selenium.TestCases.submitOrder" name="submitOrder" time="18.079"/>
  <system-out/>
</testsuite> <!-- Selenium.TestCases.submitOrder -->
