<?xml version="1.0" encoding="UTF-8"?>
<!-- Generated by org.testng.reporters.JUnitReportReporter -->
<testsuite hostname="Roushan" failures="0" tests="1" name="javaStreams.test1" time="0.021" errors="0" timestamp="16 Dec 2024 18:57:09 GMT">
  <testcase classname="javaStreams.test1" name="streamCollect" time="0.021"/>
</testsuite> <!-- javaStreams.test1 -->
