<?xml version="1.0" encoding="UTF-8"?>
<!-- Generated by org.testng.reporters.JUnitReportReporter -->
<testsuite hostname="Roushan" failures="0" tests="1" name="HomePage.UpdateResume" time="9.099" errors="0" timestamp="2025-01-26T01:06:03 IST" skipped="0">
  <testcase classname="HomePage.UpdateResume" name="UpdateResume" time="9.099"/>
</testsuite> <!-- HomePage.UpdateResume -->
