<?xml version="1.0" encoding="UTF-8"?>
<!-- Generated by org.testng.reporters.JUnitReportReporter -->
<testsuite hostname="DESKTOP-J8A3FE9" failures="0" tests="1" name="cucumber.TestNGTestRunner" time="10.091" errors="0" timestamp="2024-06-27T12:48:02 CEST" skipped="0">
  <testcase classname="cucumber.TestNGTestRunner" name="runScenario" time="10.091"/>
</testsuite> <!-- cucumber.TestNGTestRunner -->
