<?xml version="1.0" encoding="UTF-8"?>
<!-- Generated by org.testng.reporters.JUnitReportReporter -->
<testsuite hostname="DESKTOP-J8A3FE9" failures="0" tests="3" name="rahulshettyacademy.tests.SubmitOrderTest" time="24.483" errors="0" timestamp="2024-06-18T12:09:20 CEST" skipped="0">
  <testcase classname="rahulshettyacademy.tests.SubmitOrderTest" name="submitOrder" time="9.117"/>
  <testcase classname="rahulshettyacademy.tests.SubmitOrderTest" name="orderHistoryTest" time="6.650"/>
  <testcase classname="rahulshettyacademy.tests.SubmitOrderTest" name="submitOrder" time="8.716"/>
</testsuite> <!-- rahulshettyacademy.tests.SubmitOrderTest -->
