<?xml version="1.0" encoding="UTF-8"?>
<!-- Generated by org.testng.reporters.JUnitReportReporter -->
<testsuite hostname="DESKTOP-J8A3FE9" failures="0" tests="2" name="rahulshettyacademy.tests.ValidationErrorTest" time="17.401" errors="0" timestamp="2024-06-18T12:09:20 CEST" skipped="0">
  <testcase classname="rahulshettyacademy.tests.ValidationErrorTest" name="productErrorValidation" time="11.521"/>
  <testcase classname="rahulshettyacademy.tests.ValidationErrorTest" name="loginErrorValidation" time="5.880"/>
</testsuite> <!-- rahulshettyacademy.tests.ValidationErrorTest -->
