<?xml version="1.0" encoding="UTF-8"?>
<!-- Generated by org.testng.reporters.JUnitReportReporter -->
<testsuite hostname="DESKTOP-J8A3FE9" failures="0" tests="3" name="rahulshettyacademy.tests.SubmitOrderTest" time="24.552" errors="0" timestamp="2024-06-17T21:43:16 CEST" skipped="0">
  <testcase classname="rahulshettyacademy.tests.SubmitOrderTest" name="submitOrder" time="8.654"/>
  <testcase classname="rahulshettyacademy.tests.SubmitOrderTest" name="submitOrder" time="11.144"/>
  <testcase classname="rahulshettyacademy.tests.SubmitOrderTest" name="orderHistoryTest" time="4.754"/>
</testsuite> <!-- rahulshettyacademy.tests.SubmitOrderTest -->
