<?xml version="1.0" encoding="UTF-8"?>
<!-- Generated by org.testng.reporters.JUnitReportReporter -->
<testsuite hostname="DESKTOP-J8A3FE9" failures="0" tests="1" name="cucumber.TestNGTestRunner" time="9.931" errors="0" timestamp="2024-06-27T11:54:58 CEST" skipped="0">
  <testcase classname="cucumber.TestNGTestRunner" name="runScenario" time="9.931"/>
</testsuite> <!-- cucumber.TestNGTestRunner -->
