<?xml version="1.0" encoding="UTF-8"?>
<!-- Generated by org.testng.reporters.JUnitReportReporter -->
<testsuite hostname="Roushan" failures="0" tests="1" name="Selenium.ExtendReports.ExtendReportsdemo" time="4.965" errors="0" timestamp="2024-12-28T03:07:54 IST" skipped="0">
  <testcase classname="Selenium.ExtendReports.ExtendReportsdemo" name="initialDemo" time="4.965"/>
  <system-out/>
</testsuite> <!-- Selenium.ExtendReports.ExtendReportsdemo -->
