<?xml version="1.0" encoding="UTF-8"?>
<!-- Generated by org.testng.reporters.JUnitReportReporter -->
<testsuite hostname="Roushan" failures="0" tests="1" name="selenium.firstPractice" time="12.015" errors="0" timestamp="2025-01-25T02:04:59 IST" skipped="0">
  <testcase classname="selenium.firstPractice" name="lounchChrome" time="12.015"/>
</testsuite> <!-- selenium.firstPractice -->
