<?xml version="1.0" encoding="UTF-8"?>
<!-- Generated by org.testng.reporters.JUnitReportReporter -->
<testsuite hostname="Roushan" failures="0" tests="1" name="selenium.firstPractice" time="14.638" errors="0" timestamp="2025-03-21T20:23:01 IST" skipped="0">
  <testcase classname="selenium.firstPractice" name="lounchChrome" time="14.638"/>
</testsuite> <!-- selenium.firstPractice -->
