<?xml version="1.0" encoding="UTF-8"?>
<!-- Generated by org.testng.reporters.JUnitReportReporter -->
<testsuite hostname="Roushan" failures="0" tests="4" name="Selenium.test.submitOrderTest" time="37.974" errors="0" timestamp="2025-01-03T02:22:22 IST" skipped="0">
  <testcase classname="Selenium.test.submitOrderTest" name="SubmitOrder" time="9.844"/>
  <testcase classname="Selenium.test.submitOrderTest" name="varifyOrderDisplay" time="7.053"/>
  <testcase classname="Selenium.test.submitOrderTest" name="SubmitOrder" time="13.833"/>
  <testcase classname="Selenium.test.submitOrderTest" name="varifyOrderDisplay" time="7.244"/>
</testsuite> <!-- Selenium.test.submitOrderTest -->
