<?xml version="1.0" encoding="UTF-8"?>
<!-- Generated by org.testng.reporters.JUnitReportReporter -->
<testsuite hostname="Roushan" failures="0" tests="4" name="Selenium.test.submitOrderTest" time="41.004" errors="0" timestamp="2025-01-10T01:59:05 IST" skipped="0">
  <testcase classname="Selenium.test.submitOrderTest" name="SubmitOrder" time="11.685"/>
  <testcase classname="Selenium.test.submitOrderTest" name="varifyOrderDisplay" time="9.131"/>
  <testcase classname="Selenium.test.submitOrderTest" name="SubmitOrder" time="11.115"/>
  <testcase classname="Selenium.test.submitOrderTest" name="varifyOrderDisplay" time="9.073"/>
</testsuite> <!-- Selenium.test.submitOrderTest -->
