<?xml version="1.0" encoding="UTF-8"?>
<!-- Generated by org.testng.reporters.JUnitReportReporter -->
<testsuite hostname="Roushan" failures="0" tests="1" name="CucumberOptions.TestNGRunner" time="0.112" errors="0" timestamp="2025-04-16T10:43:54 IST" skipped="0">
  <testcase classname="CucumberOptions.TestNGRunner" name="runScenario" time="0.112"/>
</testsuite> <!-- CucumberOptions.TestNGRunner -->
