<?xml version="1.0" encoding="UTF-8"?>
<!-- Generated by org.testng.reporters.JUnitReportReporter -->
<testsuite hostname="Roushan" failures="0" tests="1" name="CoreSeleniumBasic.SeleniumBasec" time="10.499" errors="0" timestamp="2025-01-31T22:51:58 IST" skipped="0">
  <testcase classname="CoreSeleniumBasic.SeleniumBasec" name="basic" time="10.499"/>
</testsuite> <!-- CoreSeleniumBasic.SeleniumBasec -->
